{"contracts/staking/MetricShare.sol":{"l":{"29":33,"33":10,"34":10,"38":7,"39":6,"43":10,"44":10,"45":9,"48":1,"49":1,"53":7,"54":7,"56":6,"57":6},"path":"/Users/mhammedlahia/WebstormProjects/metric-contracts/contracts/staking/MetricShare.sol","s":{"1":33,"2":10,"3":10,"4":7,"5":6,"6":10,"7":10,"8":9,"9":1,"10":1,"11":7,"12":7,"13":6,"14":6},"b":{"1":[9,1],"2":[6,1]},"f":{"1":33,"2":10,"3":7,"4":10,"5":7},"fnMap":{"1":{"name":"constructor","line":28,"loc":{"start":{"line":28,"column":4},"end":{"line":30,"column":4}}},"2":{"name":"enter","line":32,"loc":{"start":{"line":32,"column":4},"end":{"line":35,"column":4}}},"3":{"name":"leave","line":37,"loc":{"start":{"line":37,"column":4},"end":{"line":40,"column":4}}},"4":{"name":"_shares","line":42,"loc":{"start":{"line":42,"column":4},"end":{"line":50,"column":4}}},"5":{"name":"_underlying","line":52,"loc":{"start":{"line":52,"column":4},"end":{"line":58,"column":4}}}},"statementMap":{"1":{"start":{"line":29,"column":8},"end":{"line":29,"column":23}},"2":{"start":{"line":33,"column":8},"end":{"line":33,"column":48}},"3":{"start":{"line":34,"column":8},"end":{"line":34,"column":68}},"4":{"start":{"line":38,"column":8},"end":{"line":38,"column":67}},"5":{"start":{"line":39,"column":8},"end":{"line":39,"column":44}},"6":{"start":{"line":43,"column":8},"end":{"line":43,"column":43}},"7":{"start":{"line":44,"column":8},"end":{"line":44,"column":1314}},"8":{"start":{"line":45,"column":12},"end":{"line":45,"column":32}},"9":{"start":{"line":48,"column":8},"end":{"line":48,"column":67}},"10":{"start":{"line":49,"column":8},"end":{"line":49,"column":68}},"11":{"start":{"line":53,"column":8},"end":{"line":53,"column":43}},"12":{"start":{"line":54,"column":8},"end":{"line":54,"column":71}},"13":{"start":{"line":56,"column":8},"end":{"line":56,"column":67}},"14":{"start":{"line":57,"column":8},"end":{"line":57,"column":73}}},"branchMap":{"1":{"line":44,"type":"if","locations":[{"start":{"line":44,"column":8},"end":{"line":44,"column":8}},{"start":{"line":44,"column":8},"end":{"line":44,"column":8}}]},"2":{"line":54,"type":"if","locations":[{"start":{"line":54,"column":8},"end":{"line":54,"column":8}},{"start":{"line":54,"column":8},"end":{"line":54,"column":8}}]}}},"contracts/testing/MetricToken.sol":{"l":{"12":12,"13":12},"path":"/Users/mhammedlahia/WebstormProjects/metric-contracts/contracts/testing/MetricToken.sol","s":{"1":12,"2":12},"b":{},"f":{"1":33,"2":12},"fnMap":{"1":{"name":"constructor","line":9,"loc":{"start":{"line":9,"column":4},"end":{"line":9,"column":20}}},"2":{"name":"mint","line":11,"loc":{"start":{"line":11,"column":4},"end":{"line":14,"column":4}}}},"statementMap":{"1":{"start":{"line":12,"column":8},"end":{"line":12,"column":32}},"2":{"start":{"line":13,"column":8},"end":{"line":13,"column":19}}},"branchMap":{}}}